{"/Users/student/energy/study/NuxtPrac/components/Compos.vue": {"path":"/Users/student/energy/study/NuxtPrac/components/Compos.vue","statementMap":{"0":{"start":{"line":12,"column":0},"end":{"line":12,"column":null}},"1":{"start":{"line":13,"column":0},"end":{"line":13,"column":null}},"2":{"start":{"line":18,"column":0},"end":{"line":18,"column":null}},"3":{"start":{"line":19,"column":0},"end":{"line":19,"column":null}}},"fnMap":{"0":{"name":"(anonymous_1)","decl":{"start":{"line":17,"column":0},"end":{"line":17,"column":null}},"loc":{"start":{"line":17,"column":0},"end":{"line":24,"column":null}}}},"branchMap":{},"s":{"0":2,"1":2,"2":0,"3":0},"f":{"0":0},"b":{}}
,"/Users/student/energy/study/NuxtPrac/components/jestDemo/Equal.vue": {"path":"/Users/student/energy/study/NuxtPrac/components/jestDemo/Equal.vue","statementMap":{"0":{"start":{"line":12,"column":0},"end":{"line":12,"column":null}}},"fnMap":{"0":{"name":"(anonymous_1)","decl":{"start":{"line":11,"column":0},"end":{"line":11,"column":null}},"loc":{"start":{"line":11,"column":0},"end":{"line":16,"column":null}}}},"branchMap":{},"s":{"0":2},"f":{"0":2},"b":{}}
,"/Users/student/energy/study/NuxtPrac/components/jestDemo/Input.vue": {"path":"/Users/student/energy/study/NuxtPrac/components/jestDemo/Input.vue","statementMap":{"0":{"start":{"line":18,"column":0},"end":{"line":18,"column":null}},"1":{"start":{"line":25,"column":0},"end":{"line":25,"column":null}}},"fnMap":{"0":{"name":"(anonymous_1)","decl":{"start":{"line":17,"column":0},"end":{"line":17,"column":null}},"loc":{"start":{"line":17,"column":0},"end":{"line":22,"column":null}}},"1":{"name":"(anonymous_2)","decl":{"start":{"line":24,"column":0},"end":{"line":24,"column":null}},"loc":{"start":{"line":24,"column":0},"end":{"line":26,"column":null}}}},"branchMap":{},"s":{"0":3,"1":3},"f":{"0":3,"1":3},"b":{}}
,"/Users/student/energy/study/NuxtPrac/components/jestDemo/Parent.vue": {"path":"/Users/student/energy/study/NuxtPrac/components/jestDemo/Parent.vue","statementMap":{"0":{"start":{"line":9,"column":0},"end":{"line":9,"column":null}},"1":{"start":{"line":15,"column":0},"end":{"line":15,"column":null}}},"fnMap":{"0":{"name":"(anonymous_2)","decl":{"start":{"line":14,"column":0},"end":{"line":14,"column":null}},"loc":{"start":{"line":14,"column":0},"end":{"line":18,"column":null}}}},"branchMap":{},"s":{"0":2,"1":1},"f":{"0":1},"b":{}}
,"/Users/student/energy/study/NuxtPrac/components/jestDemo/Toggle.vue": {"path":"/Users/student/energy/study/NuxtPrac/components/jestDemo/Toggle.vue","statementMap":{"0":{"start":{"line":23,"column":0},"end":{"line":23,"column":null}},"1":{"start":{"line":30,"column":0},"end":{"line":30,"column":null}},"2":{"start":{"line":33,"column":0},"end":{"line":33,"column":null}}},"fnMap":{"0":{"name":"(anonymous_1)","decl":{"start":{"line":22,"column":0},"end":{"line":22,"column":null}},"loc":{"start":{"line":22,"column":0},"end":{"line":27,"column":null}}},"1":{"name":"(anonymous_2)","decl":{"start":{"line":29,"column":0},"end":{"line":29,"column":null}},"loc":{"start":{"line":29,"column":0},"end":{"line":31,"column":null}}},"2":{"name":"(anonymous_3)","decl":{"start":{"line":32,"column":0},"end":{"line":32,"column":null}},"loc":{"start":{"line":32,"column":0},"end":{"line":34,"column":null}}}},"branchMap":{},"s":{"0":1,"1":1,"2":1},"f":{"0":1,"1":1,"2":1},"b":{}}
,"/Users/student/energy/study/NuxtPrac/components/molecules/Nav.vue": {"path":"/Users/student/energy/study/NuxtPrac/components/molecules/Nav.vue","statementMap":{"0":{"start":{"line":10,"column":0},"end":{"line":10,"column":null}}},"fnMap":{},"branchMap":{},"s":{"0":0},"f":{},"b":{}}
,"/Users/student/energy/study/NuxtPrac/pages/compositions.vue": {"path":"/Users/student/energy/study/NuxtPrac/pages/compositions.vue","statementMap":{"0":{"start":{"line":13,"column":0},"end":{"line":13,"column":null}}},"fnMap":{},"branchMap":{},"s":{"0":1},"f":{},"b":{}}
,"/Users/student/energy/study/NuxtPrac/pages/hoge.vue": {"path":"/Users/student/energy/study/NuxtPrac/pages/hoge.vue","statementMap":{"0":{"start":{"line":20,"column":0},"end":{"line":20,"column":null}},"1":{"start":{"line":21,"column":0},"end":{"line":21,"column":null}}},"fnMap":{},"branchMap":{},"s":{"0":1,"1":1},"f":{},"b":{}}
,"/Users/student/energy/study/NuxtPrac/pages/index.vue": {"path":"/Users/student/energy/study/NuxtPrac/pages/index.vue","statementMap":{"0":{"start":{"line":16,"column":0},"end":{"line":16,"column":null}},"1":{"start":{"line":17,"column":0},"end":{"line":17,"column":null}}},"fnMap":{},"branchMap":{},"s":{"0":1,"1":1},"f":{},"b":{}}
}
