TN:
SF:components/Compos.vue
FN:17,(anonymous_1)
FNF:1
FNH:0
FNDA:0,(anonymous_1)
DA:12,2
DA:13,2
DA:18,0
DA:19,0
LF:4
LH:2
BRF:0
BRH:0
end_of_record
TN:
SF:components/jestDemo/Equal.vue
FN:11,(anonymous_1)
FNF:1
FNH:1
FNDA:2,(anonymous_1)
DA:12,2
LF:1
LH:1
BRF:0
BRH:0
end_of_record
TN:
SF:components/jestDemo/Input.vue
FN:17,(anonymous_1)
FN:24,(anonymous_2)
FNF:2
FNH:2
FNDA:3,(anonymous_1)
FNDA:3,(anonymous_2)
DA:18,3
DA:25,3
LF:2
LH:2
BRF:0
BRH:0
end_of_record
TN:
SF:components/jestDemo/Parent.vue
FN:14,(anonymous_2)
FNF:1
FNH:1
FNDA:1,(anonymous_2)
DA:9,2
DA:15,1
LF:2
LH:2
BRF:0
BRH:0
end_of_record
TN:
SF:components/jestDemo/Toggle.vue
FN:22,(anonymous_1)
FN:29,(anonymous_2)
FN:32,(anonymous_3)
FNF:3
FNH:3
FNDA:1,(anonymous_1)
FNDA:1,(anonymous_2)
FNDA:1,(anonymous_3)
DA:23,1
DA:30,1
DA:33,1
LF:3
LH:3
BRF:0
BRH:0
end_of_record
TN:
SF:components/molecules/Nav.vue
FNF:0
FNH:0
DA:10,0
LF:1
LH:0
BRF:0
BRH:0
end_of_record
TN:
SF:pages/compositions.vue
FNF:0
FNH:0
DA:13,1
LF:1
LH:1
BRF:0
BRH:0
end_of_record
TN:
SF:pages/hoge.vue
FNF:0
FNH:0
DA:20,1
DA:21,1
LF:2
LH:2
BRF:0
BRH:0
end_of_record
TN:
SF:pages/index.vue
FNF:0
FNH:0
DA:16,1
DA:17,1
LF:2
LH:2
BRF:0
BRH:0
end_of_record
